{"level":"info","message":"info info","timestamp":"2024-04-02:22:19:00.123Z"}
{"level":"debug","message":"debug debug","timestamp":"2024-04-02:22:19:00.123Z"}
{"level":"warn","message":"warn warn","timestamp":"2024-04-02:22:19:00.123Z"}
{"level":"error","message":"error error","timestamp":"2024-04-02:22:19:00.123Z"}
{"meta": "","level":"info","message":"meta info info","timestamp":"2024-04-02:22:19:00.123Z"}
{"meta": "","level":"debug","message":"meta debug debug","timestamp":"2024-04-02:22:19:00.123Z"}
{"meta": "","level":"warn","message":"meta warn warn","timestamp":"2024-04-02:22:19:00.123Z"}
{"meta": "","level":"error","message":"meta error error","timestamp":"2024-04-02:22:19:00.123Z"}
{"level":"info","message":"info info","timestamp":"2024-04-03T09:44:39:123Z"}
{"level":"debug","message":"debug debug","timestamp":"2024-04-03T09:44:39:123Z"}
{"level":"warn","message":"warn warn","timestamp":"2024-04-03T09:44:39:123Z"}
{"level":"error","message":"error error","timestamp":"2024-04-03T09:44:39:123Z"}
{"level":"info","message":"info info","timestamp":"2024-04-03T09:46:07:123Z"}
{"level":"debug","message":"debug debug","timestamp":"2024-04-03T09:46:07:123Z"}
{"level":"warn","message":"warn warn","timestamp":"2024-04-03T09:46:07:123Z"}
{"level":"error","message":"error error","timestamp":"2024-04-03T09:46:07:123Z"}
{"level":"info","message":"info info","timestamp":"2024-04-03T09:46:11:123Z"}
{"level":"debug","message":"debug debug","timestamp":"2024-04-03T09:46:11:123Z"}
{"level":"warn","message":"warn warn","timestamp":"2024-04-03T09:46:11:123Z"}
{"level":"error","message":"error error","timestamp":"2024-04-03T09:46:11:123Z"}
{"level":"info","message":"info info","timestamp":"2024-04-03T10:27:53:123Z"}
{"level":"debug","message":"debug debug","timestamp":"2024-04-03T10:27:53:123Z"}
{"level":"warn","message":"warn warn","timestamp":"2024-04-03T10:27:53:123Z"}
{"level":"error","message":"error error","timestamp":"2024-04-03T10:27:53:123Z"}
{"level":"info","message":"info info","timestamp":"2024-04-03T10:40:36:123Z"}
{"level":"debug","message":"debug debug","timestamp":"2024-04-03T10:40:36:123Z"}
{"level":"warn","message":"warn warn","timestamp":"2024-04-03T10:40:36:123Z"}
{"level":"error","message":"error error","timestamp":"2024-04-03T10:40:36:123Z"}
{"level":"info","message":"info info","timestamp":"2024-04-03T11:24:10:123Z"}
{"level":"debug","message":"debug debug","timestamp":"2024-04-03T11:24:10:123Z"}
{"level":"warn","message":"warn warn","timestamp":"2024-04-03T11:24:10:123Z"}
{"level":"error","message":"error error","timestamp":"2024-04-03T11:24:10:123Z"}
{"level":"info","message":"info info","timestamp":"2024-04-03T19:42:30:123Z"}
{"level":"debug","message":"debug debug","timestamp":"2024-04-03T19:42:30:123Z"}
{"level":"warn","message":"warn warn","timestamp":"2024-04-03T19:42:30:123Z"}
{"level":"error","message":"error error","timestamp":"2024-04-03T19:42:30:123Z"}
{"level":"info","message":"info info","timestamp":"2024-04-03T19:45:53:123Z"}
{"level":"debug","message":"debug debug","timestamp":"2024-04-03T19:45:53:123Z"}
{"level":"warn","message":"warn warn","timestamp":"2024-04-03T19:45:53:123Z"}
{"level":"error","message":"error error","timestamp":"2024-04-03T19:45:53:123Z"}
{"level":"info","message":"info info","timestamp":"2024-04-03T20:01:13:123Z"}
{"level":"debug","message":"debug debug","timestamp":"2024-04-03T20:01:13:123Z"}
{"level":"warn","message":"warn warn","timestamp":"2024-04-03T20:01:13:123Z"}
{"level":"error","message":"error error","timestamp":"2024-04-03T20:01:13:123Z"}
{"level":"info","message":"info info","timestamp":"2024-04-03T20:04:43:123Z"}
{"level":"debug","message":"debug debug","timestamp":"2024-04-03T20:04:43:123Z"}
{"level":"warn","message":"warn warn","timestamp":"2024-04-03T20:04:43:123Z"}
{"level":"error","message":"error error","timestamp":"2024-04-03T20:04:43:123Z"}
{"level":"info","message":"info info","timestamp":"2024-04-03T20:04:46:123Z"}
{"level":"debug","message":"debug debug","timestamp":"2024-04-03T20:04:46:123Z"}
{"level":"warn","message":"warn warn","timestamp":"2024-04-03T20:04:46:123Z"}
{"level":"error","message":"error error","timestamp":"2024-04-03T20:04:46:123Z"}
{"level":"info","message":"info info","timestamp":"2024-04-03T20:04:47:123Z"}
{"level":"debug","message":"debug debug","timestamp":"2024-04-03T20:04:47:123Z"}
{"level":"warn","message":"warn warn","timestamp":"2024-04-03T20:04:47:123Z"}
{"level":"error","message":"error error","timestamp":"2024-04-03T20:04:47:123Z"}
{"level":"info","message":"info info","timestamp":"2024-04-03T20:04:47:123Z"}
{"level":"debug","message":"debug debug","timestamp":"2024-04-03T20:04:47:123Z"}
{"level":"warn","message":"warn warn","timestamp":"2024-04-03T20:04:47:123Z"}
{"level":"error","message":"error error","timestamp":"2024-04-03T20:04:47:123Z"}
{"level":"info","message":"info info","timestamp":"2024-04-03T20:04:48:123Z"}
{"level":"debug","message":"debug debug","timestamp":"2024-04-03T20:04:48:123Z"}
{"level":"warn","message":"warn warn","timestamp":"2024-04-03T20:04:48:123Z"}
{"level":"error","message":"error error","timestamp":"2024-04-03T20:04:48:123Z"}
{"level":"info","message":"info info","timestamp":"2024-04-03T20:04:48:123Z"}
{"level":"debug","message":"debug debug","timestamp":"2024-04-03T20:04:48:123Z"}
{"level":"warn","message":"warn warn","timestamp":"2024-04-03T20:04:48:123Z"}
{"level":"error","message":"error error","timestamp":"2024-04-03T20:04:48:123Z"}
{"level":"info","message":"info info","timestamp":"2024-04-03T20:11:43:123Z"}
{"level":"debug","message":"debug debug","timestamp":"2024-04-03T20:11:43:123Z"}
{"level":"warn","message":"warn warn","timestamp":"2024-04-03T20:11:43:123Z"}
{"level":"error","message":"error error","timestamp":"2024-04-03T20:11:43:123Z"}
{"level":"info","message":"info info","timestamp":"2024-04-03T20:12:09:123Z"}
{"level":"debug","message":"debug debug","timestamp":"2024-04-03T20:12:09:123Z"}
{"level":"warn","message":"warn warn","timestamp":"2024-04-03T20:12:09:123Z"}
{"level":"error","message":"error error","timestamp":"2024-04-03T20:12:09:123Z"}
{"level":"info","message":"info info","timestamp":"2024-04-03T20:12:35:123Z"}
{"level":"debug","message":"debug debug","timestamp":"2024-04-03T20:12:35:123Z"}
{"level":"warn","message":"warn warn","timestamp":"2024-04-03T20:12:35:123Z"}
{"level":"error","message":"error error","timestamp":"2024-04-03T20:12:35:123Z"}
{"level":"info","message":"info info","timestamp":"2024-04-03T20:15:38:123Z"}
{"level":"debug","message":"debug debug","timestamp":"2024-04-03T20:15:38:123Z"}
{"level":"warn","message":"warn warn","timestamp":"2024-04-03T20:15:38:123Z"}
{"level":"error","message":"error error","timestamp":"2024-04-03T20:15:38:123Z"}
{"level":"info","message":"info info","timestamp":"2024-04-03T20:22:07:123Z"}
{"level":"debug","message":"debug debug","timestamp":"2024-04-03T20:22:07:123Z"}
{"level":"warn","message":"warn warn","timestamp":"2024-04-03T20:22:07:123Z"}
{"level":"error","message":"error error","timestamp":"2024-04-03T20:22:07:123Z"}
{"level":"info","message":"info info","timestamp":"2024-04-03T20:22:21:123Z"}
{"level":"debug","message":"debug debug","timestamp":"2024-04-03T20:22:21:123Z"}
{"level":"warn","message":"warn warn","timestamp":"2024-04-03T20:22:21:123Z"}
{"level":"error","message":"error error","timestamp":"2024-04-03T20:22:21:123Z"}
{"level":"info","message":"info info","timestamp":"2024-04-03T20:22:29:123Z"}
{"level":"debug","message":"debug debug","timestamp":"2024-04-03T20:22:29:123Z"}
{"level":"warn","message":"warn warn","timestamp":"2024-04-03T20:22:29:123Z"}
{"level":"error","message":"error error","timestamp":"2024-04-03T20:22:29:123Z"}
{"level":"info","message":"info info","timestamp":"2024-04-03T20:25:52:123Z"}
{"level":"debug","message":"debug debug","timestamp":"2024-04-03T20:25:52:123Z"}
{"level":"warn","message":"warn warn","timestamp":"2024-04-03T20:25:52:123Z"}
{"level":"error","message":"error error","timestamp":"2024-04-03T20:25:52:123Z"}
{"level":"info","message":"info info","timestamp":"2024-04-03T20:39:01:123Z"}
{"level":"debug","message":"debug debug","timestamp":"2024-04-03T20:39:01:123Z"}
{"level":"warn","message":"warn warn","timestamp":"2024-04-03T20:39:01:123Z"}
{"level":"error","message":"error error","timestamp":"2024-04-03T20:39:01:123Z"}
{"level":"info","message":"info info","timestamp":"2024-04-03T20:49:50:123Z"}
{"level":"debug","message":"debug debug","timestamp":"2024-04-03T20:49:50:123Z"}
{"level":"warn","message":"warn warn","timestamp":"2024-04-03T20:49:50:123Z"}
{"level":"error","message":"error error","timestamp":"2024-04-03T20:49:50:123Z"}
{"level":"info","message":"info info","timestamp":"2024-04-03T21:06:36:123Z"}
{"level":"debug","message":"debug debug","timestamp":"2024-04-03T21:06:36:123Z"}
{"level":"warn","message":"warn warn","timestamp":"2024-04-03T21:06:36:123Z"}
{"level":"error","message":"error error","timestamp":"2024-04-03T21:06:36:123Z"}
{"level":"info","message":"info info","timestamp":"2024-04-03T21:27:18:123Z"}
{"level":"debug","message":"debug debug","timestamp":"2024-04-03T21:27:18:123Z"}
{"level":"warn","message":"warn warn","timestamp":"2024-04-03T21:27:18:123Z"}
{"level":"error","message":"error error","timestamp":"2024-04-03T21:27:18:123Z"}
{"level":"info","message":"info info","timestamp":"2024-04-03T21:28:24:123Z"}
{"level":"debug","message":"debug debug","timestamp":"2024-04-03T21:28:24:123Z"}
{"level":"warn","message":"warn warn","timestamp":"2024-04-03T21:28:24:123Z"}
{"level":"error","message":"error error","timestamp":"2024-04-03T21:28:24:123Z"}
{"level":"info","message":"info info","timestamp":"2024-04-03T21:28:57:123Z"}
{"level":"debug","message":"debug debug","timestamp":"2024-04-03T21:28:57:123Z"}
{"level":"warn","message":"warn warn","timestamp":"2024-04-03T21:28:57:123Z"}
{"level":"error","message":"error error","timestamp":"2024-04-03T21:28:57:123Z"}
{"level":"info","message":"info info","timestamp":"2024-04-03T21:29:00:123Z"}
{"level":"debug","message":"debug debug","timestamp":"2024-04-03T21:29:00:123Z"}
{"level":"warn","message":"warn warn","timestamp":"2024-04-03T21:29:00:123Z"}
{"level":"error","message":"error error","timestamp":"2024-04-03T21:29:00:123Z"}
{"level":"info","message":"info info","timestamp":"2024-04-03T21:29:00:123Z"}
{"level":"debug","message":"debug debug","timestamp":"2024-04-03T21:29:00:123Z"}
{"level":"warn","message":"warn warn","timestamp":"2024-04-03T21:29:00:123Z"}
{"level":"error","message":"error error","timestamp":"2024-04-03T21:29:00:123Z"}
{"level":"info","message":"info info","timestamp":"2024-04-03T21:29:00:123Z"}
{"level":"debug","message":"debug debug","timestamp":"2024-04-03T21:29:00:123Z"}
{"level":"warn","message":"warn warn","timestamp":"2024-04-03T21:29:00:123Z"}
{"level":"error","message":"error error","timestamp":"2024-04-03T21:29:00:123Z"}
{"level":"info","message":"info info","timestamp":"2024-04-03T21:29:00:123Z"}
{"level":"debug","message":"debug debug","timestamp":"2024-04-03T21:29:00:123Z"}
{"level":"warn","message":"warn warn","timestamp":"2024-04-03T21:29:00:123Z"}
{"level":"error","message":"error error","timestamp":"2024-04-03T21:29:00:123Z"}
{"level":"info","message":"info info","timestamp":"2024-04-03T21:29:01:123Z"}
{"level":"debug","message":"debug debug","timestamp":"2024-04-03T21:29:01:123Z"}
{"level":"warn","message":"warn warn","timestamp":"2024-04-03T21:29:01:123Z"}
{"level":"error","message":"error error","timestamp":"2024-04-03T21:29:01:123Z"}
{"level":"info","message":"info info","timestamp":"2024-04-03T21:29:01:123Z"}
{"level":"debug","message":"debug debug","timestamp":"2024-04-03T21:29:01:123Z"}
{"level":"warn","message":"warn warn","timestamp":"2024-04-03T21:29:01:123Z"}
{"level":"error","message":"error error","timestamp":"2024-04-03T21:29:01:123Z"}
{"level":"info","message":"info info","timestamp":"2024-04-03T21:29:01:123Z"}
{"level":"debug","message":"debug debug","timestamp":"2024-04-03T21:29:01:123Z"}
{"level":"warn","message":"warn warn","timestamp":"2024-04-03T21:29:01:123Z"}
{"level":"error","message":"error error","timestamp":"2024-04-03T21:29:01:123Z"}
{"level":"info","message":"info info","timestamp":"2024-04-03T21:29:01:123Z"}
{"level":"debug","message":"debug debug","timestamp":"2024-04-03T21:29:01:123Z"}
{"level":"warn","message":"warn warn","timestamp":"2024-04-03T21:29:01:123Z"}
{"level":"error","message":"error error","timestamp":"2024-04-03T21:29:01:123Z"}
{"level":"info","message":"info info","timestamp":"2024-04-04T07:27:05:123Z"}
{"level":"debug","message":"debug debug","timestamp":"2024-04-04T07:27:05:123Z"}
{"level":"warn","message":"warn warn","timestamp":"2024-04-04T07:27:05:123Z"}
{"level":"error","message":"error error","timestamp":"2024-04-04T07:27:05:123Z"}
{"level":"info","message":"info info","timestamp":"2024-04-04T07:28:20:123Z"}
{"level":"debug","message":"debug debug","timestamp":"2024-04-04T07:28:20:123Z"}
{"level":"warn","message":"warn warn","timestamp":"2024-04-04T07:28:20:123Z"}
{"level":"error","message":"error error","timestamp":"2024-04-04T07:28:20:123Z"}
{"level":"info","message":"info info","timestamp":"2024-04-04T07:30:51:123Z"}
{"level":"debug","message":"debug debug","timestamp":"2024-04-04T07:30:51:123Z"}
{"level":"warn","message":"warn warn","timestamp":"2024-04-04T07:30:51:123Z"}
{"level":"error","message":"error error","timestamp":"2024-04-04T07:30:51:123Z"}
{"level":"info","message":"info info","timestamp":"2024-04-04T07:33:47:123Z"}
{"level":"debug","message":"debug debug","timestamp":"2024-04-04T07:33:47:123Z"}
{"level":"warn","message":"warn warn","timestamp":"2024-04-04T07:33:47:123Z"}
{"level":"error","message":"error error","timestamp":"2024-04-04T07:33:47:123Z"}
{"level":"info","message":"info info","timestamp":"2024-04-04T08:59:24:123Z"}
{"level":"debug","message":"debug debug","timestamp":"2024-04-04T08:59:24:123Z"}
{"level":"warn","message":"warn warn","timestamp":"2024-04-04T08:59:24:123Z"}
{"level":"error","message":"error error","timestamp":"2024-04-04T08:59:24:123Z"}
{"level":"info","message":"info info","timestamp":"2024-04-04T09:01:46:123Z"}
{"level":"debug","message":"debug debug","timestamp":"2024-04-04T09:01:46:123Z"}
{"level":"warn","message":"warn warn","timestamp":"2024-04-04T09:01:46:123Z"}
{"level":"error","message":"error error","timestamp":"2024-04-04T09:01:46:123Z"}
{"level":"info","message":"info info","timestamp":"2024-04-04T09:03:59:123Z"}
{"level":"debug","message":"debug debug","timestamp":"2024-04-04T09:03:59:123Z"}
{"level":"warn","message":"warn warn","timestamp":"2024-04-04T09:03:59:123Z"}
{"level":"error","message":"error error","timestamp":"2024-04-04T09:03:59:123Z"}
{"level":"info","message":"info info","timestamp":"2024-04-04T10:31:48:123Z"}
{"level":"debug","message":"debug debug","timestamp":"2024-04-04T10:31:48:123Z"}
{"level":"warn","message":"warn warn","timestamp":"2024-04-04T10:31:48:123Z"}
{"level":"error","message":"error error","timestamp":"2024-04-04T10:31:48:123Z"}
{"level":"info","message":"info info","timestamp":"2024-04-04T10:31:50:123Z"}
{"level":"debug","message":"debug debug","timestamp":"2024-04-04T10:31:50:123Z"}
{"level":"warn","message":"warn warn","timestamp":"2024-04-04T10:31:50:123Z"}
{"level":"error","message":"error error","timestamp":"2024-04-04T10:31:50:123Z"}
{"level":"info","message":"info info","timestamp":"2024-04-04T10:31:50:123Z"}
{"level":"debug","message":"debug debug","timestamp":"2024-04-04T10:31:50:123Z"}
{"level":"warn","message":"warn warn","timestamp":"2024-04-04T10:31:50:123Z"}
{"level":"error","message":"error error","timestamp":"2024-04-04T10:31:50:123Z"}
{"level":"info","message":"info info","timestamp":"2024-04-04T10:31:51:123Z"}
{"level":"debug","message":"debug debug","timestamp":"2024-04-04T10:31:51:123Z"}
{"level":"warn","message":"warn warn","timestamp":"2024-04-04T10:31:51:123Z"}
{"level":"error","message":"error error","timestamp":"2024-04-04T10:31:51:123Z"}
{"level":"info","message":"info info","timestamp":"2024-04-04T10:31:51:123Z"}
{"level":"debug","message":"debug debug","timestamp":"2024-04-04T10:31:51:123Z"}
{"level":"warn","message":"warn warn","timestamp":"2024-04-04T10:31:51:123Z"}
{"level":"error","message":"error error","timestamp":"2024-04-04T10:31:51:123Z"}
{"level":"info","message":"info info","timestamp":"2024-04-04T10:31:52:123Z"}
{"level":"debug","message":"debug debug","timestamp":"2024-04-04T10:31:52:123Z"}
{"level":"warn","message":"warn warn","timestamp":"2024-04-04T10:31:52:123Z"}
{"level":"error","message":"error error","timestamp":"2024-04-04T10:31:52:123Z"}
{"level":"info","message":"info info","timestamp":"2024-04-04T10:31:52:123Z"}
{"level":"debug","message":"debug debug","timestamp":"2024-04-04T10:31:52:123Z"}
{"level":"warn","message":"warn warn","timestamp":"2024-04-04T10:31:52:123Z"}
{"level":"error","message":"error error","timestamp":"2024-04-04T10:31:52:123Z"}
{"level":"info","message":"info info","timestamp":"2024-04-04T10:31:53:123Z"}
{"level":"debug","message":"debug debug","timestamp":"2024-04-04T10:31:53:123Z"}
{"level":"warn","message":"warn warn","timestamp":"2024-04-04T10:31:53:123Z"}
{"level":"error","message":"error error","timestamp":"2024-04-04T10:31:53:123Z"}
{"level":"info","message":"info info","timestamp":"2024-04-04T10:31:53:123Z"}
{"level":"debug","message":"debug debug","timestamp":"2024-04-04T10:31:53:123Z"}
{"level":"warn","message":"warn warn","timestamp":"2024-04-04T10:31:53:123Z"}
{"level":"error","message":"error error","timestamp":"2024-04-04T10:31:53:123Z"}
{"level":"info","message":"info info","timestamp":"2024-04-04T10:31:53:123Z"}
{"level":"debug","message":"debug debug","timestamp":"2024-04-04T10:31:53:123Z"}
{"level":"warn","message":"warn warn","timestamp":"2024-04-04T10:31:53:123Z"}
{"level":"error","message":"error error","timestamp":"2024-04-04T10:31:53:123Z"}
{"level":"info","message":"info info","timestamp":"2024-04-04T10:39:14:123Z"}
{"level":"debug","message":"debug debug","timestamp":"2024-04-04T10:39:14:123Z"}
{"level":"warn","message":"warn warn","timestamp":"2024-04-04T10:39:14:123Z"}
{"level":"error","message":"error error","timestamp":"2024-04-04T10:39:14:123Z"}
{"level":"info","message":"info info","timestamp":"2024-04-04T10:39:15:123Z"}
{"level":"debug","message":"debug debug","timestamp":"2024-04-04T10:39:15:123Z"}
{"level":"warn","message":"warn warn","timestamp":"2024-04-04T10:39:15:123Z"}
{"level":"error","message":"error error","timestamp":"2024-04-04T10:39:15:123Z"}
{"level":"info","message":"info info","timestamp":"2024-04-04T10:39:16:123Z"}
{"level":"debug","message":"debug debug","timestamp":"2024-04-04T10:39:16:123Z"}
{"level":"warn","message":"warn warn","timestamp":"2024-04-04T10:39:16:123Z"}
{"level":"error","message":"error error","timestamp":"2024-04-04T10:39:16:123Z"}
{"level":"info","message":"info info","timestamp":"2024-04-04T10:39:16:123Z"}
{"level":"debug","message":"debug debug","timestamp":"2024-04-04T10:39:16:123Z"}
{"level":"warn","message":"warn warn","timestamp":"2024-04-04T10:39:16:123Z"}
{"level":"error","message":"error error","timestamp":"2024-04-04T10:39:16:123Z"}
{"level":"info","message":"info info","timestamp":"2024-04-04T10:39:17:123Z"}
{"level":"debug","message":"debug debug","timestamp":"2024-04-04T10:39:17:123Z"}
{"level":"warn","message":"warn warn","timestamp":"2024-04-04T10:39:17:123Z"}
{"level":"error","message":"error error","timestamp":"2024-04-04T10:39:17:123Z"}
{"level":"info","message":"info info","timestamp":"2024-04-04T10:39:17:123Z"}
{"level":"debug","message":"debug debug","timestamp":"2024-04-04T10:39:17:123Z"}
{"level":"warn","message":"warn warn","timestamp":"2024-04-04T10:39:17:123Z"}
{"level":"error","message":"error error","timestamp":"2024-04-04T10:39:17:123Z"}
{"level":"info","message":"info info","timestamp":"2024-04-04T10:39:17:123Z"}
{"level":"debug","message":"debug debug","timestamp":"2024-04-04T10:39:17:123Z"}
{"level":"warn","message":"warn warn","timestamp":"2024-04-04T10:39:17:123Z"}
{"level":"error","message":"error error","timestamp":"2024-04-04T10:39:17:123Z"}
{"level":"info","message":"info info","timestamp":"2024-04-04T10:39:18:123Z"}
{"level":"debug","message":"debug debug","timestamp":"2024-04-04T10:39:18:123Z"}
{"level":"warn","message":"warn warn","timestamp":"2024-04-04T10:39:18:123Z"}
{"level":"error","message":"error error","timestamp":"2024-04-04T10:39:18:123Z"}
{"level":"info","message":"info info","timestamp":"2024-04-04T10:39:18:123Z"}
{"level":"debug","message":"debug debug","timestamp":"2024-04-04T10:39:18:123Z"}
{"level":"warn","message":"warn warn","timestamp":"2024-04-04T10:39:18:123Z"}
{"level":"error","message":"error error","timestamp":"2024-04-04T10:39:18:123Z"}
{"level":"info","message":"info info","timestamp":"2024-04-04T10:39:18:123Z"}
{"level":"debug","message":"debug debug","timestamp":"2024-04-04T10:39:18:123Z"}
{"level":"warn","message":"warn warn","timestamp":"2024-04-04T10:39:18:123Z"}
{"level":"error","message":"error error","timestamp":"2024-04-04T10:39:18:123Z"}
{"level":"info","message":"info info","timestamp":"2024-04-04T10:59:02:123Z"}
{"level":"debug","message":"debug debug","timestamp":"2024-04-04T10:59:02:123Z"}
{"level":"warn","message":"warn warn","timestamp":"2024-04-04T10:59:02:123Z"}
{"level":"error","message":"error error","timestamp":"2024-04-04T10:59:02:123Z"}
{"level":"info","message":"info info","timestamp":"2024-04-04T10:59:03:123Z"}
{"level":"debug","message":"debug debug","timestamp":"2024-04-04T10:59:03:123Z"}
{"level":"warn","message":"warn warn","timestamp":"2024-04-04T10:59:03:123Z"}
{"level":"error","message":"error error","timestamp":"2024-04-04T10:59:03:123Z"}
{"level":"info","message":"info info","timestamp":"2024-04-04T10:59:04:123Z"}
{"level":"debug","message":"debug debug","timestamp":"2024-04-04T10:59:04:123Z"}
{"level":"warn","message":"warn warn","timestamp":"2024-04-04T10:59:04:123Z"}
{"level":"error","message":"error error","timestamp":"2024-04-04T10:59:04:123Z"}
{"level":"info","message":"info info","timestamp":"2024-04-04T10:59:05:123Z"}
{"level":"debug","message":"debug debug","timestamp":"2024-04-04T10:59:05:123Z"}
{"level":"warn","message":"warn warn","timestamp":"2024-04-04T10:59:05:123Z"}
{"level":"error","message":"error error","timestamp":"2024-04-04T10:59:05:123Z"}
{"level":"info","message":"info info","timestamp":"2024-04-04T10:59:06:123Z"}
{"level":"debug","message":"debug debug","timestamp":"2024-04-04T10:59:06:123Z"}
{"level":"warn","message":"warn warn","timestamp":"2024-04-04T10:59:06:123Z"}
{"level":"error","message":"error error","timestamp":"2024-04-04T10:59:06:123Z"}
{"level":"info","message":"info info","timestamp":"2024-04-07T07:50:33:123Z"}
{"level":"debug","message":"debug debug","timestamp":"2024-04-07T07:50:33:123Z"}
{"level":"warn","message":"warn warn","timestamp":"2024-04-07T07:50:33:123Z"}
{"level":"error","message":"error error","timestamp":"2024-04-07T07:50:33:123Z"}
{"level":"info","message":"info info","timestamp":"2024-04-07T09:38:31:123Z"}
{"level":"debug","message":"debug debug","timestamp":"2024-04-07T09:38:31:123Z"}
{"level":"warn","message":"warn warn","timestamp":"2024-04-07T09:38:31:123Z"}
{"level":"error","message":"error error","timestamp":"2024-04-07T09:38:31:123Z"}
{"level":"info","message":"info info","timestamp":"2024-04-07T11:03:19:123Z"}
{"level":"debug","message":"debug debug","timestamp":"2024-04-07T11:03:19:123Z"}
{"level":"warn","message":"warn warn","timestamp":"2024-04-07T11:03:19:123Z"}
{"level":"error","message":"error error","timestamp":"2024-04-07T11:03:19:123Z"}
{"level":"info","message":"info info","timestamp":"2024-04-07T11:08:29:123Z"}
{"level":"debug","message":"debug debug","timestamp":"2024-04-07T11:08:29:123Z"}
{"level":"warn","message":"warn warn","timestamp":"2024-04-07T11:08:29:123Z"}
{"level":"error","message":"error error","timestamp":"2024-04-07T11:08:29:123Z"}
{"level":"info","message":"info info","timestamp":"2024-04-07T12:08:07:123Z"}
{"level":"debug","message":"debug debug","timestamp":"2024-04-07T12:08:07:123Z"}
{"level":"warn","message":"warn warn","timestamp":"2024-04-07T12:08:07:123Z"}
{"level":"error","message":"error error","timestamp":"2024-04-07T12:08:07:123Z"}
{"level":"info","message":"info info","timestamp":"2024-04-07T12:15:39:123Z"}
{"level":"debug","message":"debug debug","timestamp":"2024-04-07T12:15:39:123Z"}
{"level":"warn","message":"warn warn","timestamp":"2024-04-07T12:15:39:123Z"}
{"level":"error","message":"error error","timestamp":"2024-04-07T12:15:39:123Z"}
{"level":"info","message":"info info","timestamp":"2024-04-07T12:15:49:123Z"}
{"level":"debug","message":"debug debug","timestamp":"2024-04-07T12:15:49:123Z"}
{"level":"warn","message":"warn warn","timestamp":"2024-04-07T12:15:49:123Z"}
{"level":"error","message":"error error","timestamp":"2024-04-07T12:15:49:123Z"}
{"level":"info","message":"info info","timestamp":"2024-04-07T20:12:28:123Z"}
{"level":"debug","message":"debug debug","timestamp":"2024-04-07T20:12:28:123Z"}
{"level":"warn","message":"warn warn","timestamp":"2024-04-07T20:12:28:123Z"}
{"level":"error","message":"error error","timestamp":"2024-04-07T20:12:28:123Z"}
{"level":"info","message":"info info","timestamp":"2024-04-09T10:53:52:123Z"}
{"level":"debug","message":"debug debug","timestamp":"2024-04-09T10:53:52:123Z"}
{"level":"warn","message":"warn warn","timestamp":"2024-04-09T10:53:52:123Z"}
{"level":"error","message":"error error","timestamp":"2024-04-09T10:53:52:123Z"}
{"level":"info","message":"info info","timestamp":"2024-04-09T10:55:03:123Z"}
{"level":"debug","message":"debug debug","timestamp":"2024-04-09T10:55:03:123Z"}
{"level":"warn","message":"warn warn","timestamp":"2024-04-09T10:55:03:123Z"}
{"level":"error","message":"error error","timestamp":"2024-04-09T10:55:03:123Z"}
{"level":"info","message":"info info","timestamp":"2024-04-09T10:57:38:123Z"}
{"level":"debug","message":"debug debug","timestamp":"2024-04-09T10:57:38:123Z"}
{"level":"warn","message":"warn warn","timestamp":"2024-04-09T10:57:38:123Z"}
{"level":"error","message":"error error","timestamp":"2024-04-09T10:57:38:123Z"}
{"level":"info","message":"info info","timestamp":"2024-04-09T19:29:14:123Z"}
{"level":"debug","message":"debug debug","timestamp":"2024-04-09T19:29:14:123Z"}
{"level":"warn","message":"warn warn","timestamp":"2024-04-09T19:29:14:123Z"}
{"level":"error","message":"error error","timestamp":"2024-04-09T19:29:14:123Z"}
{"level":"info","message":"info info","timestamp":"2024-04-09T19:35:14:123Z"}
{"level":"debug","message":"debug debug","timestamp":"2024-04-09T19:35:14:123Z"}
{"level":"warn","message":"warn warn","timestamp":"2024-04-09T19:35:14:123Z"}
{"level":"error","message":"error error","timestamp":"2024-04-09T19:35:14:123Z"}
{"level":"info","message":"info info","timestamp":"2024-04-09T20:35:52:123Z"}
{"level":"debug","message":"debug debug","timestamp":"2024-04-09T20:35:52:123Z"}
{"level":"warn","message":"warn warn","timestamp":"2024-04-09T20:35:52:123Z"}
{"level":"error","message":"error error","timestamp":"2024-04-09T20:35:52:123Z"}
{"level":"info","message":"info info","timestamp":"2024-04-10T10:21:42:123Z"}
{"level":"debug","message":"debug debug","timestamp":"2024-04-10T10:21:42:123Z"}
{"level":"warn","message":"warn warn","timestamp":"2024-04-10T10:21:42:123Z"}
{"level":"error","message":"error error","timestamp":"2024-04-10T10:21:42:123Z"}
{"level":"info","message":"info info","timestamp":"2024-04-10T10:22:40:123Z"}
{"level":"debug","message":"debug debug","timestamp":"2024-04-10T10:22:40:123Z"}
{"level":"warn","message":"warn warn","timestamp":"2024-04-10T10:22:40:123Z"}
{"level":"error","message":"error error","timestamp":"2024-04-10T10:22:40:123Z"}
{"level":"info","message":"info info","timestamp":"2024-04-10T15:40:49:123Z"}
{"level":"debug","message":"debug debug","timestamp":"2024-04-10T15:40:49:123Z"}
{"level":"warn","message":"warn warn","timestamp":"2024-04-10T15:40:49:123Z"}
{"level":"error","message":"error error","timestamp":"2024-04-10T15:40:49:123Z"}
{"level":"info","message":"info info","timestamp":"2024-04-10T15:41:00:123Z"}
{"level":"debug","message":"debug debug","timestamp":"2024-04-10T15:41:00:123Z"}
{"level":"warn","message":"warn warn","timestamp":"2024-04-10T15:41:00:123Z"}
{"level":"error","message":"error error","timestamp":"2024-04-10T15:41:00:123Z"}
{"level":"info","message":"info info","timestamp":"2024-04-10T15:44:59:123Z"}
{"level":"debug","message":"debug debug","timestamp":"2024-04-10T15:44:59:123Z"}
{"level":"warn","message":"warn warn","timestamp":"2024-04-10T15:44:59:123Z"}
{"level":"error","message":"error error","timestamp":"2024-04-10T15:44:59:123Z"}
{"level":"info","message":"info info","timestamp":"2024-04-10T15:51:59:123Z"}
{"level":"debug","message":"debug debug","timestamp":"2024-04-10T15:51:59:123Z"}
{"level":"warn","message":"warn warn","timestamp":"2024-04-10T15:51:59:123Z"}
{"level":"error","message":"error error","timestamp":"2024-04-10T15:51:59:123Z"}
{"level":"info","message":"info info","timestamp":"2024-04-10T15:53:59:123Z"}
{"level":"debug","message":"debug debug","timestamp":"2024-04-10T15:53:59:123Z"}
{"level":"warn","message":"warn warn","timestamp":"2024-04-10T15:53:59:123Z"}
{"level":"error","message":"error error","timestamp":"2024-04-10T15:53:59:123Z"}
{"level":"info","message":"info info","timestamp":"2024-04-11T04:30:50:123Z"}
{"level":"debug","message":"debug debug","timestamp":"2024-04-11T04:30:50:123Z"}
{"level":"warn","message":"warn warn","timestamp":"2024-04-11T04:30:50:123Z"}
{"level":"error","message":"error error","timestamp":"2024-04-11T04:30:50:123Z"}
{"level":"info","message":"info info","timestamp":"2024-04-11T07:58:17:123Z"}
{"level":"debug","message":"debug debug","timestamp":"2024-04-11T07:58:17:123Z"}
{"level":"warn","message":"warn warn","timestamp":"2024-04-11T07:58:17:123Z"}
{"level":"error","message":"error error","timestamp":"2024-04-11T07:58:17:123Z"}
{"level":"info","message":"info info","timestamp":"2024-04-11T11:36:53:123Z"}
{"level":"debug","message":"debug debug","timestamp":"2024-04-11T11:36:53:123Z"}
{"level":"warn","message":"warn warn","timestamp":"2024-04-11T11:36:53:123Z"}
{"level":"error","message":"error error","timestamp":"2024-04-11T11:36:53:123Z"}
{"level":"info","message":"info info","timestamp":"2024-04-11T12:04:18:123Z"}
{"level":"debug","message":"debug debug","timestamp":"2024-04-11T12:04:18:123Z"}
{"level":"warn","message":"warn warn","timestamp":"2024-04-11T12:04:18:123Z"}
{"level":"error","message":"error error","timestamp":"2024-04-11T12:04:18:123Z"}
{"level":"info","message":"info info","timestamp":"2024-04-11T12:04:28:123Z"}
{"level":"debug","message":"debug debug","timestamp":"2024-04-11T12:04:28:123Z"}
{"level":"warn","message":"warn warn","timestamp":"2024-04-11T12:04:28:123Z"}
{"level":"error","message":"error error","timestamp":"2024-04-11T12:04:28:123Z"}
{"level":"info","message":"info info","timestamp":"2024-04-11T17:14:07:123Z"}
{"level":"debug","message":"debug debug","timestamp":"2024-04-11T17:14:07:123Z"}
{"level":"warn","message":"warn warn","timestamp":"2024-04-11T17:14:07:123Z"}
{"level":"error","message":"error error","timestamp":"2024-04-11T17:14:07:123Z"}
{"level":"info","message":"info info","timestamp":"2024-04-11T17:15:08:123Z"}
{"level":"debug","message":"debug debug","timestamp":"2024-04-11T17:15:08:123Z"}
{"level":"warn","message":"warn warn","timestamp":"2024-04-11T17:15:08:123Z"}
{"level":"error","message":"error error","timestamp":"2024-04-11T17:15:08:123Z"}
{"level":"info","message":"info info","timestamp":"2024-04-11T17:16:48:123Z"}
{"level":"debug","message":"debug debug","timestamp":"2024-04-11T17:16:48:123Z"}
{"level":"warn","message":"warn warn","timestamp":"2024-04-11T17:16:48:123Z"}
{"level":"error","message":"error error","timestamp":"2024-04-11T17:16:48:123Z"}
{"level":"info","message":"info info","timestamp":"2024-04-13T19:22:52:123Z"}
{"level":"debug","message":"debug debug","timestamp":"2024-04-13T19:22:52:123Z"}
{"level":"warn","message":"warn warn","timestamp":"2024-04-13T19:22:52:123Z"}
{"level":"error","message":"error error","timestamp":"2024-04-13T19:22:52:123Z"}
{"level":"info","message":"info info","timestamp":"2024-04-13T19:24:26:123Z"}
{"level":"debug","message":"debug debug","timestamp":"2024-04-13T19:24:26:123Z"}
{"level":"warn","message":"warn warn","timestamp":"2024-04-13T19:24:26:123Z"}
{"level":"error","message":"error error","timestamp":"2024-04-13T19:24:26:123Z"}
{"level":"info","message":"info info","timestamp":"2024-04-13T19:39:25:123Z"}
{"level":"debug","message":"debug debug","timestamp":"2024-04-13T19:39:25:123Z"}
{"level":"warn","message":"warn warn","timestamp":"2024-04-13T19:39:25:123Z"}
{"level":"error","message":"error error","timestamp":"2024-04-13T19:39:25:123Z"}
{"level":"info","message":"info info","timestamp":"2024-04-13T19:44:05:123Z"}
{"level":"debug","message":"debug debug","timestamp":"2024-04-13T19:44:05:123Z"}
{"level":"warn","message":"warn warn","timestamp":"2024-04-13T19:44:05:123Z"}
{"level":"error","message":"error error","timestamp":"2024-04-13T19:44:05:123Z"}
{"level":"info","message":"info info","timestamp":"2024-04-13T19:44:06:123Z"}
{"level":"debug","message":"debug debug","timestamp":"2024-04-13T19:44:06:123Z"}
{"level":"warn","message":"warn warn","timestamp":"2024-04-13T19:44:06:123Z"}
{"level":"error","message":"error error","timestamp":"2024-04-13T19:44:06:123Z"}
{"level":"info","message":"info info","timestamp":"2024-04-13T19:44:06:123Z"}
{"level":"debug","message":"debug debug","timestamp":"2024-04-13T19:44:06:123Z"}
{"level":"warn","message":"warn warn","timestamp":"2024-04-13T19:44:06:123Z"}
{"level":"error","message":"error error","timestamp":"2024-04-13T19:44:06:123Z"}
{"level":"info","message":"info info","timestamp":"2024-04-13T19:44:07:123Z"}
{"level":"debug","message":"debug debug","timestamp":"2024-04-13T19:44:07:123Z"}
{"level":"warn","message":"warn warn","timestamp":"2024-04-13T19:44:07:123Z"}
{"level":"error","message":"error error","timestamp":"2024-04-13T19:44:07:123Z"}
{"level":"info","message":"info info","timestamp":"2024-04-13T19:44:07:123Z"}
{"level":"debug","message":"debug debug","timestamp":"2024-04-13T19:44:07:123Z"}
{"level":"warn","message":"warn warn","timestamp":"2024-04-13T19:44:07:123Z"}
{"level":"error","message":"error error","timestamp":"2024-04-13T19:44:07:123Z"}
{"level":"info","message":"info info","timestamp":"2024-04-13T19:44:07:123Z"}
{"level":"debug","message":"debug debug","timestamp":"2024-04-13T19:44:07:123Z"}
{"level":"warn","message":"warn warn","timestamp":"2024-04-13T19:44:07:123Z"}
{"level":"error","message":"error error","timestamp":"2024-04-13T19:44:07:123Z"}
{"level":"info","message":"info info","timestamp":"2024-04-13T19:44:08:123Z"}
{"level":"debug","message":"debug debug","timestamp":"2024-04-13T19:44:08:123Z"}
{"level":"warn","message":"warn warn","timestamp":"2024-04-13T19:44:08:123Z"}
{"level":"error","message":"error error","timestamp":"2024-04-13T19:44:08:123Z"}
{"level":"info","message":"info info","timestamp":"2024-04-13T19:44:08:123Z"}
{"level":"debug","message":"debug debug","timestamp":"2024-04-13T19:44:08:123Z"}
{"level":"warn","message":"warn warn","timestamp":"2024-04-13T19:44:08:123Z"}
{"level":"error","message":"error error","timestamp":"2024-04-13T19:44:08:123Z"}
{"level":"info","message":"info info","timestamp":"2024-04-13T19:44:08:123Z"}
{"level":"debug","message":"debug debug","timestamp":"2024-04-13T19:44:08:123Z"}
{"level":"warn","message":"warn warn","timestamp":"2024-04-13T19:44:08:123Z"}
{"level":"error","message":"error error","timestamp":"2024-04-13T19:44:08:123Z"}
{"level":"info","message":"info info","timestamp":"2024-04-13T19:44:09:123Z"}
{"level":"debug","message":"debug debug","timestamp":"2024-04-13T19:44:09:123Z"}
{"level":"warn","message":"warn warn","timestamp":"2024-04-13T19:44:09:123Z"}
{"level":"error","message":"error error","timestamp":"2024-04-13T19:44:09:123Z"}
{"level":"info","message":"info info","timestamp":"2024-04-13T20:13:53:123Z"}
{"level":"debug","message":"debug debug","timestamp":"2024-04-13T20:13:53:123Z"}
{"level":"warn","message":"warn warn","timestamp":"2024-04-13T20:13:53:123Z"}
{"level":"error","message":"error error","timestamp":"2024-04-13T20:13:53:123Z"}
{"level":"info","message":"info info","timestamp":"2024-04-14T13:23:54:123Z"}
{"level":"debug","message":"debug debug","timestamp":"2024-04-14T13:23:54:123Z"}
{"level":"warn","message":"warn warn","timestamp":"2024-04-14T13:23:54:123Z"}
{"level":"error","message":"error error","timestamp":"2024-04-14T13:23:54:123Z"}
{"level":"info","message":"info info","timestamp":"2024-04-14T13:29:42:123Z"}
{"level":"debug","message":"debug debug","timestamp":"2024-04-14T13:29:42:123Z"}
{"level":"warn","message":"warn warn","timestamp":"2024-04-14T13:29:42:123Z"}
{"level":"error","message":"error error","timestamp":"2024-04-14T13:29:42:123Z"}
{"level":"info","message":"info info","timestamp":"2024-04-14T13:29:47:123Z"}
{"level":"debug","message":"debug debug","timestamp":"2024-04-14T13:29:47:123Z"}
{"level":"warn","message":"warn warn","timestamp":"2024-04-14T13:29:47:123Z"}
{"level":"error","message":"error error","timestamp":"2024-04-14T13:29:47:123Z"}
{"level":"info","message":"info info","timestamp":"2024-04-14T13:30:30:123Z"}
{"level":"debug","message":"debug debug","timestamp":"2024-04-14T13:30:30:123Z"}
{"level":"warn","message":"warn warn","timestamp":"2024-04-14T13:30:30:123Z"}
{"level":"error","message":"error error","timestamp":"2024-04-14T13:30:30:123Z"}
{"level":"info","message":"info info","timestamp":"2024-04-14T13:30:40:123Z"}
{"level":"debug","message":"debug debug","timestamp":"2024-04-14T13:30:40:123Z"}
{"level":"warn","message":"warn warn","timestamp":"2024-04-14T13:30:40:123Z"}
{"level":"error","message":"error error","timestamp":"2024-04-14T13:30:40:123Z"}
{"level":"info","message":"info info","timestamp":"2024-04-14T16:42:23:123Z"}
{"level":"debug","message":"debug debug","timestamp":"2024-04-14T16:42:23:123Z"}
{"level":"warn","message":"warn warn","timestamp":"2024-04-14T16:42:23:123Z"}
{"level":"error","message":"error error","timestamp":"2024-04-14T16:42:23:123Z"}
{"level":"info","message":"info info","timestamp":"2024-04-14T16:46:46:123Z"}
{"level":"debug","message":"debug debug","timestamp":"2024-04-14T16:46:46:123Z"}
{"level":"warn","message":"warn warn","timestamp":"2024-04-14T16:46:46:123Z"}
{"level":"error","message":"error error","timestamp":"2024-04-14T16:46:46:123Z"}
{"level":"info","message":"info info","timestamp":"2024-04-14T16:46:51:123Z"}
{"level":"debug","message":"debug debug","timestamp":"2024-04-14T16:46:51:123Z"}
{"level":"warn","message":"warn warn","timestamp":"2024-04-14T16:46:51:123Z"}
{"level":"error","message":"error error","timestamp":"2024-04-14T16:46:51:123Z"}
{"level":"info","message":"info info","timestamp":"2024-04-14T16:46:56:123Z"}
{"level":"debug","message":"debug debug","timestamp":"2024-04-14T16:46:56:123Z"}
{"level":"warn","message":"warn warn","timestamp":"2024-04-14T16:46:56:123Z"}
{"level":"error","message":"error error","timestamp":"2024-04-14T16:46:56:123Z"}
{"level":"info","message":"info info","timestamp":"2024-04-14T16:47:01:123Z"}
{"level":"debug","message":"debug debug","timestamp":"2024-04-14T16:47:01:123Z"}
{"level":"warn","message":"warn warn","timestamp":"2024-04-14T16:47:01:123Z"}
{"level":"error","message":"error error","timestamp":"2024-04-14T16:47:01:123Z"}
{"level":"info","message":"info info","timestamp":"2024-04-14T16:47:06:123Z"}
{"level":"debug","message":"debug debug","timestamp":"2024-04-14T16:47:06:123Z"}
{"level":"warn","message":"warn warn","timestamp":"2024-04-14T16:47:06:123Z"}
{"level":"error","message":"error error","timestamp":"2024-04-14T16:47:06:123Z"}
{"level":"info","message":"info info","timestamp":"2024-04-14T16:47:11:123Z"}
{"level":"debug","message":"debug debug","timestamp":"2024-04-14T16:47:11:123Z"}
{"level":"warn","message":"warn warn","timestamp":"2024-04-14T16:47:11:123Z"}
{"level":"error","message":"error error","timestamp":"2024-04-14T16:47:11:123Z"}
{"level":"info","message":"info info","timestamp":"2024-04-14T16:47:16:123Z"}
{"level":"debug","message":"debug debug","timestamp":"2024-04-14T16:47:16:123Z"}
{"level":"warn","message":"warn warn","timestamp":"2024-04-14T16:47:16:123Z"}
{"level":"error","message":"error error","timestamp":"2024-04-14T16:47:16:123Z"}
{"level":"info","message":"info info","timestamp":"2024-04-14T16:47:21:123Z"}
{"level":"debug","message":"debug debug","timestamp":"2024-04-14T16:47:21:123Z"}
{"level":"warn","message":"warn warn","timestamp":"2024-04-14T16:47:21:123Z"}
{"level":"error","message":"error error","timestamp":"2024-04-14T16:47:21:123Z"}
{"level":"info","message":"info info","timestamp":"2024-04-14T16:47:26:123Z"}
{"level":"debug","message":"debug debug","timestamp":"2024-04-14T16:47:26:123Z"}
{"level":"warn","message":"warn warn","timestamp":"2024-04-14T16:47:26:123Z"}
{"level":"error","message":"error error","timestamp":"2024-04-14T16:47:26:123Z"}
{"level":"info","message":"info info","timestamp":"2024-04-14T16:47:31:123Z"}
{"level":"debug","message":"debug debug","timestamp":"2024-04-14T16:47:31:123Z"}
{"level":"warn","message":"warn warn","timestamp":"2024-04-14T16:47:31:123Z"}
{"level":"error","message":"error error","timestamp":"2024-04-14T16:47:31:123Z"}
{"level":"info","message":"info info","timestamp":"2024-04-14T16:47:36:123Z"}
{"level":"debug","message":"debug debug","timestamp":"2024-04-14T16:47:36:123Z"}
{"level":"warn","message":"warn warn","timestamp":"2024-04-14T16:47:36:123Z"}
{"level":"error","message":"error error","timestamp":"2024-04-14T16:47:36:123Z"}
{"level":"info","message":"info info","timestamp":"2024-04-14T16:47:41:123Z"}
{"level":"debug","message":"debug debug","timestamp":"2024-04-14T16:47:41:123Z"}
{"level":"warn","message":"warn warn","timestamp":"2024-04-14T16:47:41:123Z"}
{"level":"error","message":"error error","timestamp":"2024-04-14T16:47:41:123Z"}
{"level":"info","message":"info info","timestamp":"2024-04-14T16:47:46:123Z"}
{"level":"debug","message":"debug debug","timestamp":"2024-04-14T16:47:46:123Z"}
{"level":"warn","message":"warn warn","timestamp":"2024-04-14T16:47:46:123Z"}
{"level":"error","message":"error error","timestamp":"2024-04-14T16:47:46:123Z"}
{"level":"info","message":"info info","timestamp":"2024-04-14T16:47:51:123Z"}
{"level":"debug","message":"debug debug","timestamp":"2024-04-14T16:47:51:123Z"}
{"level":"warn","message":"warn warn","timestamp":"2024-04-14T16:47:51:123Z"}
{"level":"error","message":"error error","timestamp":"2024-04-14T16:47:51:123Z"}
{"level":"info","message":"info info","timestamp":"2024-04-14T16:47:56:123Z"}
{"level":"debug","message":"debug debug","timestamp":"2024-04-14T16:47:56:123Z"}
{"level":"warn","message":"warn warn","timestamp":"2024-04-14T16:47:56:123Z"}
{"level":"error","message":"error error","timestamp":"2024-04-14T16:47:56:123Z"}
{"level":"info","message":"info info","timestamp":"2024-04-14T16:48:01:123Z"}
{"level":"debug","message":"debug debug","timestamp":"2024-04-14T16:48:01:123Z"}
{"level":"warn","message":"warn warn","timestamp":"2024-04-14T16:48:01:123Z"}
{"level":"error","message":"error error","timestamp":"2024-04-14T16:48:01:123Z"}
{"level":"info","message":"info info","timestamp":"2024-04-14T16:48:06:123Z"}
{"level":"debug","message":"debug debug","timestamp":"2024-04-14T16:48:06:123Z"}
{"level":"warn","message":"warn warn","timestamp":"2024-04-14T16:48:06:123Z"}
{"level":"error","message":"error error","timestamp":"2024-04-14T16:48:06:123Z"}
{"level":"info","message":"info info","timestamp":"2024-04-14T16:48:11:123Z"}
{"level":"debug","message":"debug debug","timestamp":"2024-04-14T16:48:11:123Z"}
{"level":"warn","message":"warn warn","timestamp":"2024-04-14T16:48:11:123Z"}
{"level":"error","message":"error error","timestamp":"2024-04-14T16:48:11:123Z"}
{"level":"info","message":"info info","timestamp":"2024-04-14T16:48:16:123Z"}
{"level":"debug","message":"debug debug","timestamp":"2024-04-14T16:48:16:123Z"}
{"level":"warn","message":"warn warn","timestamp":"2024-04-14T16:48:16:123Z"}
{"level":"error","message":"error error","timestamp":"2024-04-14T16:48:16:123Z"}
{"level":"info","message":"info info","timestamp":"2024-04-14T16:48:21:123Z"}
{"level":"debug","message":"debug debug","timestamp":"2024-04-14T16:48:21:123Z"}
{"level":"warn","message":"warn warn","timestamp":"2024-04-14T16:48:21:123Z"}
{"level":"error","message":"error error","timestamp":"2024-04-14T16:48:21:123Z"}
{"level":"info","message":"info info","timestamp":"2024-04-14T16:48:26:123Z"}
{"level":"debug","message":"debug debug","timestamp":"2024-04-14T16:48:26:123Z"}
{"level":"warn","message":"warn warn","timestamp":"2024-04-14T16:48:26:123Z"}
{"level":"error","message":"error error","timestamp":"2024-04-14T16:48:26:123Z"}
{"level":"info","message":"info info","timestamp":"2024-04-14T16:48:31:123Z"}
{"level":"debug","message":"debug debug","timestamp":"2024-04-14T16:48:31:123Z"}
{"level":"warn","message":"warn warn","timestamp":"2024-04-14T16:48:31:123Z"}
{"level":"error","message":"error error","timestamp":"2024-04-14T16:48:31:123Z"}
{"level":"info","message":"info info","timestamp":"2024-04-14T16:48:36:123Z"}
{"level":"debug","message":"debug debug","timestamp":"2024-04-14T16:48:36:123Z"}
{"level":"warn","message":"warn warn","timestamp":"2024-04-14T16:48:36:123Z"}
{"level":"error","message":"error error","timestamp":"2024-04-14T16:48:36:123Z"}
{"level":"info","message":"info info","timestamp":"2024-04-14T17:00:12:123Z"}
{"level":"debug","message":"debug debug","timestamp":"2024-04-14T17:00:12:123Z"}
{"level":"warn","message":"warn warn","timestamp":"2024-04-14T17:00:12:123Z"}
{"level":"error","message":"error error","timestamp":"2024-04-14T17:00:12:123Z"}
{"level":"info","message":"info info","timestamp":"2024-04-14T17:03:09:123Z"}
{"level":"debug","message":"debug debug","timestamp":"2024-04-14T17:03:09:123Z"}
{"level":"warn","message":"warn warn","timestamp":"2024-04-14T17:03:09:123Z"}
{"level":"error","message":"error error","timestamp":"2024-04-14T17:03:09:123Z"}
{"level":"info","message":"info info","timestamp":"2024-04-14T17:03:13:123Z"}
{"level":"debug","message":"debug debug","timestamp":"2024-04-14T17:03:13:123Z"}
{"level":"warn","message":"warn warn","timestamp":"2024-04-14T17:03:13:123Z"}
{"level":"error","message":"error error","timestamp":"2024-04-14T17:03:13:123Z"}
{"level":"$1","message":"$2","timestamp":"2024-04-14T17:15:12:123Z"}
{"level":"'error'","message":"'$(NOMAD_META_LOG_MESSAGE)'","timestamp":"2024-04-14T17:16:43:123Z"}
{"level":"'error'","message":"'hello'","timestamp":"2024-04-14T17:17:56:123Z"}
{"level":"''","message":"''","timestamp":"2024-04-15T02:36:48:123Z"}
{"level":"'error'","message":"'HELLO'","timestamp":"2024-04-15T02:37:58:123Z"}
{"level":"'info'","message":"'HELLO'","timestamp":"2024-04-15T02:38:41:123Z"}
{"level":"info","message":"info info","timestamp":"2024-04-15T03:08:35:123Z"}
{"level":"debug","message":"debug debug","timestamp":"2024-04-15T03:08:35:123Z"}
{"level":"warn","message":"warn warn","timestamp":"2024-04-15T03:08:35:123Z"}
{"level":"error","message":"error error","timestamp":"2024-04-15T03:08:35:123Z"}
{"level":"info","message":"info info","timestamp":"2024-04-15T03:11:55:123Z"}
{"level":"debug","message":"debug debug","timestamp":"2024-04-15T03:11:55:123Z"}
{"level":"warn","message":"warn warn","timestamp":"2024-04-15T03:11:55:123Z"}
{"level":"error","message":"error error","timestamp":"2024-04-15T03:11:55:123Z"}
{"level":"info","message":"info info","timestamp":"2024-04-15T03:12:02:123Z"}
{"level":"debug","message":"debug debug","timestamp":"2024-04-15T03:12:02:123Z"}
{"level":"warn","message":"warn warn","timestamp":"2024-04-15T03:12:02:123Z"}
{"level":"error","message":"error error","timestamp":"2024-04-15T03:12:02:123Z"}
{"level":"info","message":"info info","timestamp":"2024-04-15T03:12:03:123Z"}
{"level":"debug","message":"debug debug","timestamp":"2024-04-15T03:12:03:123Z"}
{"level":"warn","message":"warn warn","timestamp":"2024-04-15T03:12:03:123Z"}
{"level":"error","message":"error error","timestamp":"2024-04-15T03:12:03:123Z"}
{"level":"info","message":"info info","timestamp":"2024-04-15T03:12:04:123Z"}
{"level":"debug","message":"debug debug","timestamp":"2024-04-15T03:12:04:123Z"}
{"level":"warn","message":"warn warn","timestamp":"2024-04-15T03:12:04:123Z"}
{"level":"error","message":"error error","timestamp":"2024-04-15T03:12:04:123Z"}
{"level":"info","message":"info info","timestamp":"2024-04-15T03:12:05:123Z"}
{"level":"debug","message":"debug debug","timestamp":"2024-04-15T03:12:05:123Z"}
{"level":"warn","message":"warn warn","timestamp":"2024-04-15T03:12:05:123Z"}
{"level":"error","message":"error error","timestamp":"2024-04-15T03:12:05:123Z"}
{"level":"info","message":"info info","timestamp":"2024-04-15T03:12:41:123Z"}
{"level":"debug","message":"debug debug","timestamp":"2024-04-15T03:12:41:123Z"}
{"level":"warn","message":"warn warn","timestamp":"2024-04-15T03:12:41:123Z"}
{"level":"error","message":"error error","timestamp":"2024-04-15T03:12:41:123Z"}
{"level":"info","message":"info info","timestamp":"2024-04-15T03:20:01:123Z"}
{"level":"debug","message":"debug debug","timestamp":"2024-04-15T03:20:01:123Z"}
{"level":"warn","message":"warn warn","timestamp":"2024-04-15T03:20:01:123Z"}
{"level":"error","message":"error error","timestamp":"2024-04-15T03:20:01:123Z"}
{"level":"info","message":"info info","timestamp":"2024-04-15T03:20:06:123Z"}
{"level":"debug","message":"debug debug","timestamp":"2024-04-15T03:20:06:123Z"}
{"level":"warn","message":"warn warn","timestamp":"2024-04-15T03:20:06:123Z"}
{"level":"error","message":"error error","timestamp":"2024-04-15T03:20:06:123Z"}
{"level":"info","message":"info info","timestamp":"2024-04-15T03:20:11:123Z"}
{"level":"debug","message":"debug debug","timestamp":"2024-04-15T03:20:11:123Z"}
{"level":"warn","message":"warn warn","timestamp":"2024-04-15T03:20:11:123Z"}
{"level":"error","message":"error error","timestamp":"2024-04-15T03:20:11:123Z"}
{"level":"info","message":"info info","timestamp":"2024-04-15T03:20:16:123Z"}
{"level":"debug","message":"debug debug","timestamp":"2024-04-15T03:20:16:123Z"}
{"level":"warn","message":"warn warn","timestamp":"2024-04-15T03:20:16:123Z"}
{"level":"error","message":"error error","timestamp":"2024-04-15T03:20:16:123Z"}
{"level":"info","message":"info info","timestamp":"2024-04-15T03:20:21:123Z"}
{"level":"debug","message":"debug debug","timestamp":"2024-04-15T03:20:21:123Z"}
{"level":"warn","message":"warn warn","timestamp":"2024-04-15T03:20:21:123Z"}
{"level":"error","message":"error error","timestamp":"2024-04-15T03:20:21:123Z"}
{"level":"info","message":"info info","timestamp":"2024-04-15T03:20:26:123Z"}
{"level":"debug","message":"debug debug","timestamp":"2024-04-15T03:20:26:123Z"}
{"level":"warn","message":"warn warn","timestamp":"2024-04-15T03:20:26:123Z"}
{"level":"error","message":"error error","timestamp":"2024-04-15T03:20:26:123Z"}
{"level":"info","message":"info info","timestamp":"2024-04-15T03:20:31:123Z"}
{"level":"debug","message":"debug debug","timestamp":"2024-04-15T03:20:31:123Z"}
{"level":"warn","message":"warn warn","timestamp":"2024-04-15T03:20:31:123Z"}
{"level":"error","message":"error error","timestamp":"2024-04-15T03:20:31:123Z"}
{"level":"info","message":"info info","timestamp":"2024-04-15T03:20:36:123Z"}
{"level":"debug","message":"debug debug","timestamp":"2024-04-15T03:20:36:123Z"}
{"level":"warn","message":"warn warn","timestamp":"2024-04-15T03:20:36:123Z"}
{"level":"error","message":"error error","timestamp":"2024-04-15T03:20:36:123Z"}
{"level":"info","message":"info info","timestamp":"2024-04-15T03:20:41:123Z"}
{"level":"debug","message":"debug debug","timestamp":"2024-04-15T03:20:41:123Z"}
{"level":"warn","message":"warn warn","timestamp":"2024-04-15T03:20:41:123Z"}
{"level":"error","message":"error error","timestamp":"2024-04-15T03:20:41:123Z"}
{"level":"info","message":"info info","timestamp":"2024-04-15T03:20:46:123Z"}
{"level":"debug","message":"debug debug","timestamp":"2024-04-15T03:20:46:123Z"}
{"level":"warn","message":"warn warn","timestamp":"2024-04-15T03:20:46:123Z"}
{"level":"error","message":"error error","timestamp":"2024-04-15T03:20:46:123Z"}
{"level":"info","message":"info info","timestamp":"2024-04-15T03:20:51:123Z"}
{"level":"debug","message":"debug debug","timestamp":"2024-04-15T03:20:51:123Z"}
{"level":"warn","message":"warn warn","timestamp":"2024-04-15T03:20:51:123Z"}
{"level":"error","message":"error error","timestamp":"2024-04-15T03:20:51:123Z"}
{"level":"info","message":"info info","timestamp":"2024-04-15T03:20:56:123Z"}
{"level":"debug","message":"debug debug","timestamp":"2024-04-15T03:20:56:123Z"}
{"level":"warn","message":"warn warn","timestamp":"2024-04-15T03:20:56:123Z"}
{"level":"error","message":"error error","timestamp":"2024-04-15T03:20:56:123Z"}
{"level":"info","message":"info info","timestamp":"2024-04-15T03:21:01:123Z"}
{"level":"debug","message":"debug debug","timestamp":"2024-04-15T03:21:01:123Z"}
{"level":"warn","message":"warn warn","timestamp":"2024-04-15T03:21:01:123Z"}
{"level":"error","message":"error error","timestamp":"2024-04-15T03:21:01:123Z"}
{"level":"info","message":"info info","timestamp":"2024-04-15T03:21:06:123Z"}
{"level":"debug","message":"debug debug","timestamp":"2024-04-15T03:21:06:123Z"}
{"level":"warn","message":"warn warn","timestamp":"2024-04-15T03:21:06:123Z"}
{"level":"error","message":"error error","timestamp":"2024-04-15T03:21:06:123Z"}
{"level":"info","message":"info info","timestamp":"2024-04-15T03:21:11:123Z"}
{"level":"debug","message":"debug debug","timestamp":"2024-04-15T03:21:11:123Z"}
{"level":"warn","message":"warn warn","timestamp":"2024-04-15T03:21:11:123Z"}
{"level":"error","message":"error error","timestamp":"2024-04-15T03:21:11:123Z"}
{"level":"info","message":"info info","timestamp":"2024-04-15T03:21:16:123Z"}
{"level":"debug","message":"debug debug","timestamp":"2024-04-15T03:21:16:123Z"}
{"level":"warn","message":"warn warn","timestamp":"2024-04-15T03:21:16:123Z"}
{"level":"error","message":"error error","timestamp":"2024-04-15T03:21:16:123Z"}
{"level":"info","message":"info info","timestamp":"2024-04-15T03:21:21:123Z"}
{"level":"debug","message":"debug debug","timestamp":"2024-04-15T03:21:21:123Z"}
{"level":"warn","message":"warn warn","timestamp":"2024-04-15T03:21:21:123Z"}
{"level":"error","message":"error error","timestamp":"2024-04-15T03:21:21:123Z"}
{"level":"info","message":"info info","timestamp":"2024-04-15T03:21:26:123Z"}
{"level":"debug","message":"debug debug","timestamp":"2024-04-15T03:21:26:123Z"}
{"level":"warn","message":"warn warn","timestamp":"2024-04-15T03:21:26:123Z"}
{"level":"error","message":"error error","timestamp":"2024-04-15T03:21:26:123Z"}
{"level":"info","message":"info info","timestamp":"2024-04-15T03:21:31:123Z"}
{"level":"debug","message":"debug debug","timestamp":"2024-04-15T03:21:31:123Z"}
{"level":"warn","message":"warn warn","timestamp":"2024-04-15T03:21:31:123Z"}
{"level":"error","message":"error error","timestamp":"2024-04-15T03:21:31:123Z"}
{"level":"info","message":"info info","timestamp":"2024-04-15T03:21:36:123Z"}
{"level":"debug","message":"debug debug","timestamp":"2024-04-15T03:21:36:123Z"}
{"level":"warn","message":"warn warn","timestamp":"2024-04-15T03:21:36:123Z"}
{"level":"error","message":"error error","timestamp":"2024-04-15T03:21:36:123Z"}
{"level":"info","message":"info info","timestamp":"2024-04-15T03:21:41:123Z"}
{"level":"debug","message":"debug debug","timestamp":"2024-04-15T03:21:41:123Z"}
{"level":"warn","message":"warn warn","timestamp":"2024-04-15T03:21:41:123Z"}
{"level":"error","message":"error error","timestamp":"2024-04-15T03:21:41:123Z"}
{"level":"'error'","message":"'MY","timestamp":"MESSAGE'"}
{"level":"2024-04-15T03:21:46:123Z","message":"","timestamp":""}
{"level":"info","message":"info info","timestamp":"2024-04-15T03:21:46:123Z"}
{"level":"debug","message":"debug debug","timestamp":"2024-04-15T03:21:46:123Z"}
{"level":"warn","message":"warn warn","timestamp":"2024-04-15T03:21:46:123Z"}
{"level":"error","message":"error error","timestamp":"2024-04-15T03:21:46:123Z"}
{"level":"info","message":"info info","timestamp":"2024-04-15T03:21:51:123Z"}
{"level":"debug","message":"debug debug","timestamp":"2024-04-15T03:21:51:123Z"}
{"level":"warn","message":"warn warn","timestamp":"2024-04-15T03:21:51:123Z"}
{"level":"error","message":"error error","timestamp":"2024-04-15T03:21:51:123Z"}
{"level":"info","message":"info info","timestamp":"2024-04-15T03:21:56:123Z"}
{"level":"debug","message":"debug debug","timestamp":"2024-04-15T03:21:56:123Z"}
{"level":"warn","message":"warn warn","timestamp":"2024-04-15T03:21:56:123Z"}
{"level":"error","message":"error error","timestamp":"2024-04-15T03:21:56:123Z"}
{"level":"info","message":"info info","timestamp":"2024-04-15T03:22:01:123Z"}
{"level":"debug","message":"debug debug","timestamp":"2024-04-15T03:22:01:123Z"}
{"level":"warn","message":"warn warn","timestamp":"2024-04-15T03:22:01:123Z"}
{"level":"error","message":"error error","timestamp":"2024-04-15T03:22:01:123Z"}
{"level":"info","message":"info info","timestamp":"2024-04-15T03:22:06:123Z"}
{"level":"debug","message":"debug debug","timestamp":"2024-04-15T03:22:06:123Z"}
{"level":"warn","message":"warn warn","timestamp":"2024-04-15T03:22:06:123Z"}
{"level":"error","message":"error error","timestamp":"2024-04-15T03:22:06:123Z"}
{"level":"info","message":"info info","timestamp":"2024-04-15T03:22:11:123Z"}
{"level":"debug","message":"debug debug","timestamp":"2024-04-15T03:22:11:123Z"}
{"level":"warn","message":"warn warn","timestamp":"2024-04-15T03:22:11:123Z"}
{"level":"error","message":"error error","timestamp":"2024-04-15T03:22:11:123Z"}
{"level":"info","message":"info info","timestamp":"2024-04-15T03:22:16:123Z"}
{"level":"debug","message":"debug debug","timestamp":"2024-04-15T03:22:16:123Z"}
{"level":"warn","message":"warn warn","timestamp":"2024-04-15T03:22:16:123Z"}
{"level":"error","message":"error error","timestamp":"2024-04-15T03:22:16:123Z"}
{"level":"info","message":"info info","timestamp":"2024-04-15T03:22:21:123Z"}
{"level":"debug","message":"debug debug","timestamp":"2024-04-15T03:22:21:123Z"}
{"level":"warn","message":"warn warn","timestamp":"2024-04-15T03:22:21:123Z"}
{"level":"error","message":"error error","timestamp":"2024-04-15T03:22:21:123Z"}
{"level":"info","message":"info info","timestamp":"2024-04-15T03:22:26:123Z"}
{"level":"debug","message":"debug debug","timestamp":"2024-04-15T03:22:26:123Z"}
{"level":"warn","message":"warn warn","timestamp":"2024-04-15T03:22:26:123Z"}
{"level":"error","message":"error error","timestamp":"2024-04-15T03:22:26:123Z"}
{"level":"info","message":"info info","timestamp":"2024-04-15T03:22:31:123Z"}
{"level":"debug","message":"debug debug","timestamp":"2024-04-15T03:22:31:123Z"}
{"level":"warn","message":"warn warn","timestamp":"2024-04-15T03:22:31:123Z"}
{"level":"error","message":"error error","timestamp":"2024-04-15T03:22:31:123Z"}
{"level":"info","message":"info info","timestamp":"2024-04-15T03:22:36:123Z"}
{"level":"debug","message":"debug debug","timestamp":"2024-04-15T03:22:36:123Z"}
{"level":"warn","message":"warn warn","timestamp":"2024-04-15T03:22:36:123Z"}
{"level":"error","message":"error error","timestamp":"2024-04-15T03:22:36:123Z"}
{"level":"info","message":"info info","timestamp":"2024-04-15T03:22:41:123Z"}
{"level":"debug","message":"debug debug","timestamp":"2024-04-15T03:22:41:123Z"}
{"level":"warn","message":"warn warn","timestamp":"2024-04-15T03:22:41:123Z"}
{"level":"error","message":"error error","timestamp":"2024-04-15T03:22:41:123Z"}
{"level":"info","message":"info info","timestamp":"2024-04-15T03:22:46:123Z"}
{"level":"debug","message":"debug debug","timestamp":"2024-04-15T03:22:46:123Z"}
{"level":"warn","message":"warn warn","timestamp":"2024-04-15T03:22:46:123Z"}
{"level":"error","message":"error error","timestamp":"2024-04-15T03:22:46:123Z"}
{"level":"info","message":"info info","timestamp":"2024-04-15T03:22:51:123Z"}
{"level":"debug","message":"debug debug","timestamp":"2024-04-15T03:22:51:123Z"}
{"level":"warn","message":"warn warn","timestamp":"2024-04-15T03:22:51:123Z"}
{"level":"error","message":"error error","timestamp":"2024-04-15T03:22:51:123Z"}
{"level":"info","message":"info info","timestamp":"2024-04-15T03:22:57:123Z"}
{"level":"debug","message":"debug debug","timestamp":"2024-04-15T03:22:57:123Z"}
{"level":"warn","message":"warn warn","timestamp":"2024-04-15T03:22:57:123Z"}
{"level":"error","message":"error error","timestamp":"2024-04-15T03:22:57:123Z"}
{"level":"info","message":"info info","timestamp":"2024-04-15T03:23:02:123Z"}
{"level":"debug","message":"debug debug","timestamp":"2024-04-15T03:23:02:123Z"}
{"level":"warn","message":"warn warn","timestamp":"2024-04-15T03:23:02:123Z"}
{"level":"error","message":"error error","timestamp":"2024-04-15T03:23:02:123Z"}
{"level":"info","message":"info info","timestamp":"2024-04-15T03:23:07:123Z"}
{"level":"debug","message":"debug debug","timestamp":"2024-04-15T03:23:07:123Z"}
{"level":"warn","message":"warn warn","timestamp":"2024-04-15T03:23:07:123Z"}
{"level":"error","message":"error error","timestamp":"2024-04-15T03:23:07:123Z"}
{"level":"info","message":"info info","timestamp":"2024-04-15T03:23:12:123Z"}
{"level":"debug","message":"debug debug","timestamp":"2024-04-15T03:23:12:123Z"}
{"level":"warn","message":"warn warn","timestamp":"2024-04-15T03:23:12:123Z"}
{"level":"error","message":"error error","timestamp":"2024-04-15T03:23:12:123Z"}
{"level":"info","message":"info info","timestamp":"2024-04-15T03:23:17:123Z"}
{"level":"debug","message":"debug debug","timestamp":"2024-04-15T03:23:17:123Z"}
{"level":"warn","message":"warn warn","timestamp":"2024-04-15T03:23:17:123Z"}
{"level":"error","message":"error error","timestamp":"2024-04-15T03:23:17:123Z"}
{"level":"info","message":"info info","timestamp":"2024-04-15T03:23:22:123Z"}
{"level":"debug","message":"debug debug","timestamp":"2024-04-15T03:23:22:123Z"}
{"level":"warn","message":"warn warn","timestamp":"2024-04-15T03:23:22:123Z"}
{"level":"error","message":"error error","timestamp":"2024-04-15T03:23:22:123Z"}
{"level":"info","message":"info info","timestamp":"2024-04-15T03:23:27:123Z"}
{"level":"debug","message":"debug debug","timestamp":"2024-04-15T03:23:27:123Z"}
{"level":"warn","message":"warn warn","timestamp":"2024-04-15T03:23:27:123Z"}
{"level":"error","message":"error error","timestamp":"2024-04-15T03:23:27:123Z"}
{"level":"info","message":"info info","timestamp":"2024-04-15T03:23:32:123Z"}
{"level":"debug","message":"debug debug","timestamp":"2024-04-15T03:23:32:123Z"}
{"level":"warn","message":"warn warn","timestamp":"2024-04-15T03:23:32:123Z"}
{"level":"error","message":"error error","timestamp":"2024-04-15T03:23:32:123Z"}
{"level":"info","message":"info info","timestamp":"2024-04-15T03:23:37:123Z"}
{"level":"debug","message":"debug debug","timestamp":"2024-04-15T03:23:37:123Z"}
{"level":"warn","message":"warn warn","timestamp":"2024-04-15T03:23:37:123Z"}
{"level":"error","message":"error error","timestamp":"2024-04-15T03:23:37:123Z"}
{"level":"info","message":"info info","timestamp":"2024-04-15T03:23:42:123Z"}
{"level":"debug","message":"debug debug","timestamp":"2024-04-15T03:23:42:123Z"}
{"level":"warn","message":"warn warn","timestamp":"2024-04-15T03:23:42:123Z"}
{"level":"error","message":"error error","timestamp":"2024-04-15T03:23:42:123Z"}
{"level":"info","message":"info info","timestamp":"2024-04-15T03:23:47:123Z"}
{"level":"debug","message":"debug debug","timestamp":"2024-04-15T03:23:47:123Z"}
{"level":"warn","message":"warn warn","timestamp":"2024-04-15T03:23:47:123Z"}
{"level":"error","message":"error error","timestamp":"2024-04-15T03:23:47:123Z"}
{"level":"info","message":"info info","timestamp":"2024-04-15T03:23:52:123Z"}
{"level":"debug","message":"debug debug","timestamp":"2024-04-15T03:23:52:123Z"}
{"level":"warn","message":"warn warn","timestamp":"2024-04-15T03:23:52:123Z"}
{"level":"error","message":"error error","timestamp":"2024-04-15T03:23:52:123Z"}
{"level":"info","message":"info info","timestamp":"2024-04-15T03:23:57:123Z"}
{"level":"debug","message":"debug debug","timestamp":"2024-04-15T03:23:57:123Z"}
{"level":"warn","message":"warn warn","timestamp":"2024-04-15T03:23:57:123Z"}
{"level":"error","message":"error error","timestamp":"2024-04-15T03:23:57:123Z"}
{"level":"info","message":"info info","timestamp":"2024-04-15T03:24:02:123Z"}
{"level":"debug","message":"debug debug","timestamp":"2024-04-15T03:24:02:123Z"}
{"level":"warn","message":"warn warn","timestamp":"2024-04-15T03:24:02:123Z"}
{"level":"error","message":"error error","timestamp":"2024-04-15T03:24:02:123Z"}
{"level":"info","message":"info info","timestamp":"2024-04-15T03:24:07:123Z"}
{"level":"debug","message":"debug debug","timestamp":"2024-04-15T03:24:07:123Z"}
{"level":"warn","message":"warn warn","timestamp":"2024-04-15T03:24:07:123Z"}
{"level":"error","message":"error error","timestamp":"2024-04-15T03:24:07:123Z"}
{"level":"info","message":"info info","timestamp":"2024-04-15T03:24:12:123Z"}
{"level":"debug","message":"debug debug","timestamp":"2024-04-15T03:24:12:123Z"}
{"level":"warn","message":"warn warn","timestamp":"2024-04-15T03:24:12:123Z"}
{"level":"error","message":"error error","timestamp":"2024-04-15T03:24:12:123Z"}
{"level":"info","message":"info info","timestamp":"2024-04-15T03:24:17:123Z"}
{"level":"debug","message":"debug debug","timestamp":"2024-04-15T03:24:17:123Z"}
{"level":"warn","message":"warn warn","timestamp":"2024-04-15T03:24:17:123Z"}
{"level":"error","message":"error error","timestamp":"2024-04-15T03:24:17:123Z"}
{"level":"info","message":"info info","timestamp":"2024-04-15T03:24:22:123Z"}
{"level":"debug","message":"debug debug","timestamp":"2024-04-15T03:24:22:123Z"}
{"level":"warn","message":"warn warn","timestamp":"2024-04-15T03:24:22:123Z"}
{"level":"error","message":"error error","timestamp":"2024-04-15T03:24:22:123Z"}
{"level":"info","message":"info info","timestamp":"2024-04-15T03:24:27:123Z"}
{"level":"debug","message":"debug debug","timestamp":"2024-04-15T03:24:27:123Z"}
{"level":"warn","message":"warn warn","timestamp":"2024-04-15T03:24:27:123Z"}
{"level":"error","message":"error error","timestamp":"2024-04-15T03:24:27:123Z"}
{"level":"info","message":"info info","timestamp":"2024-04-15T03:24:32:123Z"}
{"level":"debug","message":"debug debug","timestamp":"2024-04-15T03:24:32:123Z"}
{"level":"warn","message":"warn warn","timestamp":"2024-04-15T03:24:32:123Z"}
{"level":"error","message":"error error","timestamp":"2024-04-15T03:24:32:123Z"}
{"level":"info","message":"info info","timestamp":"2024-04-15T03:24:37:123Z"}
{"level":"debug","message":"debug debug","timestamp":"2024-04-15T03:24:37:123Z"}
{"level":"warn","message":"warn warn","timestamp":"2024-04-15T03:24:37:123Z"}
{"level":"error","message":"error error","timestamp":"2024-04-15T03:24:37:123Z"}
{"level":"info","message":"info info","timestamp":"2024-04-15T03:24:42:123Z"}
{"level":"debug","message":"debug debug","timestamp":"2024-04-15T03:24:42:123Z"}
{"level":"warn","message":"warn warn","timestamp":"2024-04-15T03:24:42:123Z"}
{"level":"error","message":"error error","timestamp":"2024-04-15T03:24:42:123Z"}
{"level":"'info'","message":"'GOODBYE'","timestamp":"2024-04-15T03:24:45:123Z"}
{"level":"info","message":"info info","timestamp":"2024-04-15T03:24:47:123Z"}
{"level":"debug","message":"debug debug","timestamp":"2024-04-15T03:24:47:123Z"}
{"level":"warn","message":"warn warn","timestamp":"2024-04-15T03:24:47:123Z"}
{"level":"error","message":"error error","timestamp":"2024-04-15T03:24:47:123Z"}
{"level":"info","message":"info info","timestamp":"2024-04-15T03:24:52:123Z"}
{"level":"debug","message":"debug debug","timestamp":"2024-04-15T03:24:52:123Z"}
{"level":"warn","message":"warn warn","timestamp":"2024-04-15T03:24:52:123Z"}
{"level":"error","message":"error error","timestamp":"2024-04-15T03:24:52:123Z"}
{"level":"info","message":"info info","timestamp":"2024-04-15T03:24:57:123Z"}
{"level":"debug","message":"debug debug","timestamp":"2024-04-15T03:24:57:123Z"}
{"level":"warn","message":"warn warn","timestamp":"2024-04-15T03:24:57:123Z"}
{"level":"error","message":"error error","timestamp":"2024-04-15T03:24:57:123Z"}
{"level":"info","message":"info info","timestamp":"2024-04-15T03:25:02:123Z"}
{"level":"debug","message":"debug debug","timestamp":"2024-04-15T03:25:02:123Z"}
{"level":"warn","message":"warn warn","timestamp":"2024-04-15T03:25:02:123Z"}
{"level":"error","message":"error error","timestamp":"2024-04-15T03:25:02:123Z"}
{"level":"info","message":"info info","timestamp":"2024-04-15T03:25:07:123Z"}
{"level":"debug","message":"debug debug","timestamp":"2024-04-15T03:25:07:123Z"}
{"level":"warn","message":"warn warn","timestamp":"2024-04-15T03:25:07:123Z"}
{"level":"error","message":"error error","timestamp":"2024-04-15T03:25:07:123Z"}
{"level":"info","message":"info info","timestamp":"2024-04-15T03:25:12:123Z"}
{"level":"debug","message":"debug debug","timestamp":"2024-04-15T03:25:12:123Z"}
{"level":"warn","message":"warn warn","timestamp":"2024-04-15T03:25:12:123Z"}
{"level":"error","message":"error error","timestamp":"2024-04-15T03:25:12:123Z"}
{"level":"info","message":"info info","timestamp":"2024-04-15T03:25:17:123Z"}
{"level":"debug","message":"debug debug","timestamp":"2024-04-15T03:25:17:123Z"}
{"level":"warn","message":"warn warn","timestamp":"2024-04-15T03:25:17:123Z"}
{"level":"error","message":"error error","timestamp":"2024-04-15T03:25:17:123Z"}
{"level":"info","message":"info info","timestamp":"2024-04-15T03:25:22:123Z"}
{"level":"debug","message":"debug debug","timestamp":"2024-04-15T03:25:22:123Z"}
{"level":"warn","message":"warn warn","timestamp":"2024-04-15T03:25:22:123Z"}
{"level":"error","message":"error error","timestamp":"2024-04-15T03:25:22:123Z"}
{"level":"info","message":"info info","timestamp":"2024-04-15T03:25:27:123Z"}
{"level":"debug","message":"debug debug","timestamp":"2024-04-15T03:25:27:123Z"}
{"level":"warn","message":"warn warn","timestamp":"2024-04-15T03:25:27:123Z"}
{"level":"error","message":"error error","timestamp":"2024-04-15T03:25:27:123Z"}
{"level":"info","message":"info info","timestamp":"2024-04-15T03:25:32:123Z"}
{"level":"debug","message":"debug debug","timestamp":"2024-04-15T03:25:32:123Z"}
{"level":"warn","message":"warn warn","timestamp":"2024-04-15T03:25:32:123Z"}
{"level":"error","message":"error error","timestamp":"2024-04-15T03:25:32:123Z"}
{"level":"info","message":"info info","timestamp":"2024-04-15T03:25:37:123Z"}
{"level":"debug","message":"debug debug","timestamp":"2024-04-15T03:25:37:123Z"}
{"level":"warn","message":"warn warn","timestamp":"2024-04-15T03:25:37:123Z"}
{"level":"error","message":"error error","timestamp":"2024-04-15T03:25:37:123Z"}